

VIM - Vi IMproved 8.1 (2018 May 18, compiled Jan 07 2019 10:34:10)
Included patches: 1-837
Modified by jonathon.fernyhough@york.ac.uk
Compiled by jonathon.fernyhough@york.ac.uk
Huge version with GTK2 GUI.  Features included (+) or not (-):
+acl               +cmdline_info      +farsi             +libcall           -mouse_sysmouse    +python3           +termguicolors     +vreplace
+arabic            +comments          +file_in_path      +linebreak         +mouse_urxvt       +quickfix          +terminal          +wildignore
+autocmd           +conceal           +find_in_path      +lispindent        +mouse_xterm       +reltime           +terminfo          +wildmenu
+autochdir         +cryptv            +float             +listcmds          +multi_byte        +rightleft         +termresponse      +windows
-autoservername    +cscope            +folding           +localmap          +multi_lang        +ruby              +textobjects       +writebackup
+balloon_eval      +cursorbind        -footer            +lua               -mzscheme          +scrollbind        +textprop          +X11
+balloon_eval_term +cursorshape       +fork()            +menu              +netbeans_intg     +signs             +timers            -xfontset
+browse            +dialog_con_gui    +gettext           +mksession         +num64             +smartindent       +title             +xim
++builtin_terms    +diff              -hangul_input      +modify_fname      +packages          +startuptime       +toolbar           +xpm
+byte_offset       +digraphs          +iconv             +mouse             +path_extra        +statusline        +user_commands     +xsmp_interact
+channel           +dnd               +insert_expand     +mouseshape        +perl              -sun_workshop      +vartabs           +xterm_clipboard
+cindent           -ebcdic            +job               +mouse_dec         +persistent_undo   +syntax            +vertsplit         -xterm_save
+clientserver      +emacs_tags        +jumplist          +mouse_gpm         +postscript        +tag_binary        +virtualedit       
+clipboard         +eval              +keymap            -mouse_jsbterm     +printer           +tag_old_static    +visual            
+cmdline_compl     +ex_extra          +lambda            +mouse_netterm     +profile           -tag_any_white     +visualextra       
+cmdline_hist      +extra_search      +langmap           +mouse_sgr         -python            +tcl               +viminfo           
   system vimrc file: "$VIM/vimrc"
     user vimrc file: "$HOME/.vimrc"
 2nd user vimrc file: "~/.vim/vimrc"
      user exrc file: "$HOME/.exrc"
  system gvimrc file: "$VIM/gvimrc"
    user gvimrc file: "$HOME/.gvimrc"
2nd user gvimrc file: "~/.vim/gvimrc"
       defaults file: "$VIMRUNTIME/defaults.vim"
    system menu file: "$VIMRUNTIME/menu.vim"
  fall-back for $VIM: "/usr/share/vim"
Compilation: gcc -c -I. -Iproto -DHAVE_CONFIG_H -DFEAT_GUI_GTK  -pthread -I/usr/include/gtk-2.0 -I/usr/lib/x86_64-linux-gnu/gtk-2.0/include -I/usr/include/gio-unix-2.0/ -I/usr/include/cairo -I/usr/include/pango-1.0 -I/usr/include/atk-1.0 -I/usr/include/cairo -I/usr/include/pixman-1 -I/usr/include/gdk-pixbuf-2.0 -I/usr/include/libpng16 -I/usr/include/pango-1.0 -I/usr/include/harfbuzz -I/usr/include/pango-1.0 -I/usr/include/glib-2.0 -I/usr/lib/x86_64-linux-gnu/glib-2.0/include -I/usr/include/freetype2 -I/usr/include/libpng16 -I/usr/include/freetype2 -I/usr/include/libpng16 -Wdate-time  -g -O2 -fdebug-prefix-map=/build/vim-RmjbTe/vim-8.1.0837=. -fstack-protector-strong -Wformat -Werror=format-security -U_FORTIFY_SOURCE -D_FORTIFY_SOURCE=1       
Linking: gcc   -L. -Wl,-Bsymbolic-functions -Wl,-z,relro -Wl,-z,now -fstack-protector -rdynamic -Wl,-export-dynamic -Wl,-E  -Wl,-Bsymbolic-functions -Wl,-z,relro -Wl,-z,now -Wl,--as-needed -o vim   -lgtk-x11-2.0 -lgdk-x11-2.0 -lpangocairo-1.0 -latk-1.0 -lcairo -lgdk_pixbuf-2.0 -lgio-2.0 -lpangoft2-1.0 -lpango-1.0 -lgobject-2.0 -lglib-2.0 -lfontconfig -lfreetype -lSM -lICE -lXpm -lXt -lX11 -lXdmcp -lSM -lICE  -lm -ltinfo -lnsl  -lselinux  -lacl -lattr -lgpm -ldl  -L/usr/lib -llua5.2 -Wl,-E  -fstack-protector-strong -L/usr/local/lib  -L/usr/lib/x86_64-linux-gnu/perl/5.26/CORE -lperl -ldl -lm -lpthread -lcrypt  -L/usr/lib/python3.6/config-3.6m-x86_64-linux-gnu -lpython3.6m -lpthread -ldl -lutil -lm -L/usr/lib/x86_64-linux-gnu -ltcl8.6 -ldl -lz -lpthread -lm -lruby-2.5 -lpthread -lgmp -ldl -lcrypt -lm     